#
# There is insufficient memory for the Java Runtime Environment to continue.
# Native memory allocation (malloc) failed to allocate 32744 bytes for ChunkPool::allocate
# Possible reasons:
#   The system is out of physical RAM or swap space
#   In 32 bit mode, the process size limit was hit
# Possible solutions:
#   Reduce memory load on the system
#   Increase physical memory or swap space
#   Check if swap backing store is full
#   Use 64 bit Java on a 64 bit OS
#   Decrease Java heap size (-Xmx/-Xms)
#   Decrease number of Java threads
#   Decrease Java thread stack sizes (-Xss)
#   Set larger code cache with -XX:ReservedCodeCacheSize=
# This output file may be truncated or incomplete.
#
#  Out of Memory Error (allocation.cpp:273), pid=2112, tid=0x0000000000004270
#
# JRE version: Java(TM) SE Runtime Environment (8.0_181-b13) (build 1.8.0_181-b13)
# Java VM: Java HotSpot(TM) 64-Bit Server VM (25.181-b13 mixed mode windows-amd64 compressed oops)
# Failed to write core dump. Minidumps are not enabled by default on client versions of Windows
#

---------------  T H R E A D  ---------------

Current thread (0x00000000177b2000):  JavaThread "C2 CompilerThread1" daemon [_thread_in_native, id=17008, stack(0x0000000018f10000,0x0000000019010000)]

Stack: [0x0000000018f10000,0x0000000019010000]
[error occurred during error reporting (printing stack bounds), id 0xc0000005]

Native frames: (J=compiled Java code, j=interpreted, Vv=VM code, C=native code)


Current CompileTask:
C2:   6414 1170       4       sun.security.util.AbstractAlgorithmConstraints::checkAlgorithm (138 bytes)


---------------  P R O C E S S  ---------------

Java Threads: ( => current thread )
  0x0000000019a67800 JavaThread "Startservice - 'openAgent.exe' - Read Input Stream Thread" daemon [_thread_in_native, id=4940, stack(0x000000001a750000,0x000000001a850000)]
  0x0000000019a0e800 JavaThread "Keep-Alive-Timer" daemon [_thread_blocked, id=4904, stack(0x000000001a650000,0x000000001a750000)]
  0x00000000191ef800 JavaThread "ReaderThread" [_thread_in_native, id=7244, stack(0x0000000019710000,0x0000000019810000)]
  0x000000001780e000 JavaThread "Service Thread" daemon [_thread_blocked, id=1672, stack(0x0000000019510000,0x0000000019610000)]
  0x00000000177be000 JavaThread "C1 CompilerThread2" daemon [_thread_blocked, id=7064, stack(0x0000000019010000,0x0000000019110000)]
=>0x00000000177b2000 JavaThread "C2 CompilerThread1" daemon [_thread_in_native, id=17008, stack(0x0000000018f10000,0x0000000019010000)]
  0x00000000177ae800 JavaThread "C2 CompilerThread0" daemon [_thread_blocked, id=1160, stack(0x0000000018e10000,0x0000000018f10000)]
  0x00000000177ad000 JavaThread "Attach Listener" daemon [_thread_blocked, id=8724, stack(0x0000000018d10000,0x0000000018e10000)]
  0x00000000177bc000 JavaThread "Signal Dispatcher" daemon [_thread_blocked, id=15284, stack(0x0000000018c10000,0x0000000018d10000)]
  0x000000000173e000 JavaThread "Finalizer" daemon [_thread_blocked, id=17188, stack(0x0000000018a00000,0x0000000018b00000)]
  0x0000000001733000 JavaThread "Reference Handler" daemon [_thread_blocked, id=15504, stack(0x0000000018900000,0x0000000018a00000)]
  0x0000000001642800 JavaThread "main" [_thread_blocked, id=13252, stack(0x00000000014f0000,0x00000000015f0000)]

Other Threads:
  0x0000000017777000 VMThread [stack: 0x0000000018800000,0x0000000018900000] [id=7084]
  0x0000000019153000 WatcherThread [stack: 0x0000000019610000,0x0000000019710000] [id=11728]

VM state:not at safepoint (normal execution)

VM Mutex/Monitor currently owned by a thread: None

Heap:
 PSYoungGen      total 38400K, used 30036K [0x00000000d5d00000, 0x00000000d8780000, 0x0000000100000000)
  eden space 33280K, 90% used [0x00000000d5d00000,0x00000000d7a550c0,0x00000000d7d80000)
  from space 5120K, 0% used [0x00000000d8280000,0x00000000d8280000,0x00000000d8780000)
  to   space 5120K, 0% used [0x00000000d7d80000,0x00000000d7d80000,0x00000000d8280000)
 ParOldGen       total 87552K, used 0K [0x0000000081600000, 0x0000000086b80000, 0x00000000d5d00000)
  object space 87552K, 0% used [0x0000000081600000,0x0000000081600000,0x0000000086b80000)
 Metaspace       used 10535K, capacity 10774K, committed 11008K, reserved 1058816K
  class space    used 1194K, capacity 1261K, committed 1280K, reserved 1048576K

Card table byte_map: [0x0000000001b00000,0x0000000001f00000] byte_map_base: 0x00000000016f5000

Marking Bits: (ParMarkBitMap*) 0x0000000060572d00
 Begin Bits: [0x0000000012ac0000, 0x0000000014a68000)
 End Bits:   [0x0000000014a68000, 0x0000000016a10000)

Polling page: 0x0000000001070000

CodeCache: size=245760Kb used=4071Kb max_used=4084Kb free=241688Kb
 bounds [0x0000000003410000, 0x0000000003810000, 0x0000000012410000]
 total_blobs=1546 nmethods=1174 adapters=284
 compilation: enabled

Compilation events (10 events):
Event: 6.309 Thread 0x00000000177b2000 1170       4       sun.security.util.AbstractAlgorithmConstraints::checkAlgorithm (138 bytes)
Event: 6.309 Thread 0x00000000177be000 nmethod 1171 0x0000000003807210 code [0x00000000038075a0, 0x0000000003809878]
Event: 6.309 Thread 0x00000000177be000 1172       3       sun.security.ssl.SSLAlgorithmDecomposer::decomposes (175 bytes)
Event: 6.311 Thread 0x00000000177be000 nmethod 1172 0x00000000038044d0 code [0x0000000003804820, 0x00000000038067d8]
Event: 6.311 Thread 0x00000000177be000 1174       3       sun.security.provider.ByteArrayAccess::b2lBig128 (350 bytes)
Event: 6.311 Thread 0x00000000177ae800 nmethod 1167 0x0000000003801b10 code [0x0000000003801c80, 0x0000000003801f18]
Event: 6.312 Thread 0x00000000177be000 nmethod 1174 0x000000000380c090 code [0x000000000380c300, 0x000000000380cc08]
Event: 6.312 Thread 0x00000000177be000 1173       3       java.util.ArrayList::contains (14 bytes)
Event: 6.312 Thread 0x00000000177be000 nmethod 1173 0x0000000003801690 code [0x0000000003801800, 0x00000000038019e8]
Event: 6.314 Thread 0x00000000177ae800 1175 %     4       sun.security.provider.SHA5::implCompress @ 12 (331 bytes)

GC Heap History (0 events):
No events

Deoptimization events (10 events):
Event: 3.931 Thread 0x0000000001642800 Uncommon trap: reason=unstable_if action=reinterpret pc=0x00000000036450d4 method=java.math.BigInteger.addOne([IIII)I @ 55
Event: 4.115 Thread 0x0000000001642800 Uncommon trap: reason=unstable_if action=reinterpret pc=0x000000000363005c method=java.lang.CharacterDataLatin1.digit(II)I @ 82
Event: 4.301 Thread 0x0000000001642800 Uncommon trap: reason=bimorphic action=maybe_recompile pc=0x00000000035ffe24 method=java.io.DataInputStream.readInt()I @ 4
Event: 4.301 Thread 0x0000000001642800 Uncommon trap: reason=bimorphic action=maybe_recompile pc=0x00000000035ffe24 method=java.io.DataInputStream.readInt()I @ 4
Event: 4.301 Thread 0x0000000001642800 Uncommon trap: reason=bimorphic action=maybe_recompile pc=0x00000000035ffe24 method=java.io.DataInputStream.readInt()I @ 4
Event: 4.301 Thread 0x0000000001642800 Uncommon trap: reason=bimorphic action=maybe_recompile pc=0x00000000035ffe24 method=java.io.DataInputStream.readInt()I @ 4
Event: 4.963 Thread 0x0000000001642800 Uncommon trap: reason=unstable_if action=reinterpret pc=0x0000000003631d54 method=java.lang.CharacterDataLatin1.digit(II)I @ 82
Event: 5.168 Thread 0x0000000001642800 Uncommon trap: reason=unstable_if action=reinterpret pc=0x0000000003742ac4 method=java.util.Arrays.equals([B[B)Z @ 41
Event: 5.168 Thread 0x0000000001642800 Uncommon trap: reason=unstable_if action=reinterpret pc=0x00000000035ac028 method=java.lang.String.indexOf([CII[CIII)I @ 27
Event: 5.804 Thread 0x0000000001642800 Uncommon trap: reason=predicate action=maybe_recompile pc=0x00000000037ed290 method=java.util.regex.Pattern$SliceI.match(Ljava/util/regex/Matcher;ILjava/lang/CharSequence;)Z @ 21

Classes redefined (0 events):
No events

Internal exceptions (8 events):
Event: 0.064 Thread 0x0000000001642800 Exception <a 'java/lang/NoSuchMethodError': Method sun.misc.Unsafe.defineClass(Ljava/lang/String;[BII)Ljava/lang/Class; name or signature does not match> (0x00000000d5d07cb0) thrown at [C:\re\workspace\8-2-build-windows-amd64-cygwin\jdk8u181\11358\hotspot
Event: 0.064 Thread 0x0000000001642800 Exception <a 'java/lang/NoSuchMethodError': Method sun.misc.Unsafe.prefetchRead(Ljava/lang/Object;J)V name or signature does not match> (0x00000000d5d07f98) thrown at [C:\re\workspace\8-2-build-windows-amd64-cygwin\jdk8u181\11358\hotspot\src\share\vm\prim
Event: 1.592 Thread 0x0000000001642800 Exception <a 'java/security/PrivilegedActionException'> (0x00000000d627e5a8) thrown at [C:\re\workspace\8-2-build-windows-amd64-cygwin\jdk8u181\11358\hotspot\src\share\vm\prims\jvm.cpp, line 1435]
Event: 1.592 Thread 0x0000000001642800 Exception <a 'java/security/PrivilegedActionException'> (0x00000000d627e9a0) thrown at [C:\re\workspace\8-2-build-windows-amd64-cygwin\jdk8u181\11358\hotspot\src\share\vm\prims\jvm.cpp, line 1435]
Event: 1.592 Thread 0x0000000001642800 Exception <a 'java/security/PrivilegedActionException'> (0x00000000d6282c80) thrown at [C:\re\workspace\8-2-build-windows-amd64-cygwin\jdk8u181\11358\hotspot\src\share\vm\prims\jvm.cpp, line 1435]
Event: 1.592 Thread 0x0000000001642800 Exception <a 'java/security/PrivilegedActionException'> (0x00000000d6283078) thrown at [C:\re\workspace\8-2-build-windows-amd64-cygwin\jdk8u181\11358\hotspot\src\share\vm\prims\jvm.cpp, line 1435]
Event: 4.086 Thread 0x0000000001642800 Exception <a 'java/lang/NoSuchFieldError': method resolution failed> (0x00000000d680a990) thrown at [C:\re\workspace\8-2-build-windows-amd64-cygwin\jdk8u181\11358\hotspot\src\share\vm\prims\methodHandles.cpp, line 1167]
Event: 4.089 Thread 0x0000000001642800 Exception <a 'java/lang/NoSuchFieldError': method resolution failed> (0x00000000d6818460) thrown at [C:\re\workspace\8-2-build-windows-amd64-cygwin\jdk8u181\11358\hotspot\src\share\vm\prims\methodHandles.cpp, line 1167]

Events (10 events):
Event: 5.804 Thread 0x0000000001642800 DEOPT PACKING pc=0x00000000037ed290 sp=0x00000000015ed5e0
Event: 5.804 Thread 0x0000000001642800 DEOPT UNPACKING pc=0x000000000345583b sp=0x00000000015ed580 mode 2
Event: 5.810 Thread 0x0000000019463000 Thread added: 0x0000000019463000
Event: 5.812 Executing VM operation: RevokeBias
Event: 5.812 Executing VM operation: RevokeBias done
Event: 5.812 Thread 0x0000000019463000 Thread exited: 0x0000000019463000
Event: 6.311 Thread 0x000000001946c800 Thread added: 0x000000001946c800
Event: 6.312 Executing VM operation: RevokeBias
Event: 6.312 Executing VM operation: RevokeBias done
Event: 6.312 Thread 0x000000001946c800 Thread exited: 0x000000001946c800


Dynamic libraries:
0x00007ff6db850000 - 0x00007ff6db887000 	C:\Program Files\Java\jdk1.8.0_181\bin\javaw.exe
0x00007ff852390000 - 0x00007ff85257d000 	C:\WINDOWS\SYSTEM32\ntdll.dll
0x00007ff84f5d0000 - 0x00007ff84f683000 	C:\WINDOWS\System32\KERNEL32.DLL
0x00007ff84ef80000 - 0x00007ff84f213000 	C:\WINDOWS\System32\KERNELBASE.dll
0x00007ff852120000 - 0x00007ff8521c3000 	C:\WINDOWS\System32\ADVAPI32.dll
0x00007ff8518d0000 - 0x00007ff85196e000 	C:\WINDOWS\System32\msvcrt.dll
0x00007ff84fd20000 - 0x00007ff84fdbe000 	C:\WINDOWS\System32\sechost.dll
0x00007ff8515c0000 - 0x00007ff8516e3000 	C:\WINDOWS\System32\RPCRT4.dll
0x00007ff851bf0000 - 0x00007ff851d87000 	C:\WINDOWS\System32\USER32.dll
0x00007ff84e520000 - 0x00007ff84e540000 	C:\WINDOWS\System32\win32u.dll
0x00007ff851720000 - 0x00007ff851749000 	C:\WINDOWS\System32\GDI32.dll
0x00007ff84ede0000 - 0x00007ff84ef7a000 	C:\WINDOWS\System32\gdi32full.dll
0x00007ff84e460000 - 0x00007ff84e500000 	C:\WINDOWS\System32\msvcp_win.dll
0x00007ff84e540000 - 0x00007ff84e63c000 	C:\WINDOWS\System32\ucrtbase.dll
0x00007ff841fe0000 - 0x00007ff842259000 	C:\WINDOWS\WinSxS\amd64_microsoft.windows.common-controls_6595b64144ccf1df_6.0.17763.134_none_05b3373a07211a5c\COMCTL32.dll
0x00007ff851d90000 - 0x00007ff8520bd000 	C:\WINDOWS\System32\combase.dll
0x00007ff84f280000 - 0x00007ff84f2fe000 	C:\WINDOWS\System32\bcryptPrimitives.dll
0x00007ff8516f0000 - 0x00007ff85171e000 	C:\WINDOWS\System32\IMM32.DLL
0x000000005f980000 - 0x000000005fa52000 	C:\Program Files\Java\jdk1.8.0_181\jre\bin\msvcr100.dll
0x000000005fd50000 - 0x00000000605f2000 	C:\Program Files\Java\jdk1.8.0_181\jre\bin\server\jvm.dll
0x00007ff84f5c0000 - 0x00007ff84f5c8000 	C:\WINDOWS\System32\PSAPI.DLL
0x00007ff848220000 - 0x00007ff848244000 	C:\WINDOWS\SYSTEM32\WINMM.dll
0x00007ff83bba0000 - 0x00007ff83bba9000 	C:\WINDOWS\SYSTEM32\WSOCK32.dll
0x00007ff84d580000 - 0x00007ff84d58a000 	C:\WINDOWS\SYSTEM32\VERSION.dll
0x00007ff84fdc0000 - 0x00007ff84fe2d000 	C:\WINDOWS\System32\WS2_32.dll
0x00007ff8480f0000 - 0x00007ff84811d000 	C:\WINDOWS\SYSTEM32\WINMMBASE.dll
0x00007ff84ed90000 - 0x00007ff84edda000 	C:\WINDOWS\System32\cfgmgr32.dll
0x000000005fd40000 - 0x000000005fd4f000 	C:\Program Files\Java\jdk1.8.0_181\jre\bin\verify.dll
0x000000005fd10000 - 0x000000005fd39000 	C:\Program Files\Java\jdk1.8.0_181\jre\bin\java.dll
0x000000005fcf0000 - 0x000000005fd06000 	C:\Program Files\Java\jdk1.8.0_181\jre\bin\zip.dll
0x00007ff850020000 - 0x00007ff85150f000 	C:\WINDOWS\System32\SHELL32.dll
0x00007ff8522b0000 - 0x00007ff852358000 	C:\WINDOWS\System32\shcore.dll
0x00007ff84e640000 - 0x00007ff84ed88000 	C:\WINDOWS\System32\windows.storage.dll
0x00007ff84e410000 - 0x00007ff84e434000 	C:\WINDOWS\System32\profapi.dll
0x00007ff84e3b0000 - 0x00007ff84e40d000 	C:\WINDOWS\System32\powrprof.dll
0x00007ff84fcc0000 - 0x00007ff84fd12000 	C:\WINDOWS\System32\shlwapi.dll
0x00007ff84e390000 - 0x00007ff84e3a1000 	C:\WINDOWS\System32\kernel.appcore.dll
0x00007ff84e500000 - 0x00007ff84e517000 	C:\WINDOWS\System32\cryptsp.dll
0x000000005fcd0000 - 0x000000005fcea000 	C:\Program Files\Java\jdk1.8.0_181\jre\bin\net.dll
0x00007ff84dbc0000 - 0x00007ff84dc27000 	C:\WINDOWS\system32\mswsock.dll
0x00007ff84d960000 - 0x00007ff84da26000 	C:\WINDOWS\SYSTEM32\DNSAPI.dll
0x00007ff850010000 - 0x00007ff850018000 	C:\WINDOWS\System32\NSI.dll
0x00007ff84d920000 - 0x00007ff84d95d000 	C:\WINDOWS\SYSTEM32\IPHLPAPI.DLL
0x00007ff840a30000 - 0x00007ff840a3a000 	C:\Windows\System32\rasadhlp.dll
0x00007ff841090000 - 0x00007ff841109000 	C:\WINDOWS\System32\fwpuclnt.dll
0x00007ff84f300000 - 0x00007ff84f326000 	C:\WINDOWS\System32\bcrypt.dll
0x00007ff846a70000 - 0x00007ff846a86000 	C:\WINDOWS\SYSTEM32\dhcpcsvc6.DLL
0x00007ff8470c0000 - 0x00007ff8470dc000 	C:\WINDOWS\SYSTEM32\dhcpcsvc.DLL
0x00007ff832a60000 - 0x00007ff832a76000 	C:\WINDOWS\system32\napinsp.dll
0x00007ff832a00000 - 0x00007ff832a1a000 	C:\WINDOWS\system32\pnrpnsp.dll
0x00007ff8329f0000 - 0x00007ff8329fe000 	C:\WINDOWS\System32\winrnr.dll
0x00007ff84afe0000 - 0x00007ff84affb000 	C:\WINDOWS\system32\NLAapi.dll
0x00007ff8476a0000 - 0x00007ff8476b5000 	C:\WINDOWS\system32\wshbth.dll
0x000000005fc60000 - 0x000000005fc6d000 	C:\Program Files\Java\jdk1.8.0_181\jre\bin\management.dll
0x000000005fc80000 - 0x000000005fca4000 	C:\Program Files\Java\jdk1.8.0_181\jre\bin\sunec.dll
0x000000005fcb0000 - 0x000000005fcc1000 	C:\Program Files\Java\jdk1.8.0_181\jre\bin\nio.dll
0x00007ff84d780000 - 0x00007ff84d7b3000 	C:\WINDOWS\system32\rsaenh.dll
0x00007ff84e2c0000 - 0x00007ff84e2e8000 	C:\WINDOWS\SYSTEM32\USERENV.dll
0x00007ff84dd90000 - 0x00007ff84dd9c000 	C:\WINDOWS\SYSTEM32\CRYPTBASE.dll
0x000000005fc70000 - 0x000000005fc7b000 	C:\Program Files\Java\jdk1.8.0_181\jre\bin\sunmscapi.dll
0x00007ff84f3e0000 - 0x00007ff84f5bb000 	C:\WINDOWS\System32\CRYPT32.dll
0x00007ff84e440000 - 0x00007ff84e452000 	C:\WINDOWS\System32\MSASN1.dll

VM Arguments:
jvm_args: -ea -Dfile.encoding=UTF-8 
java_command: org.eclipse.jdt.internal.junit.runner.RemoteTestRunner -version 3 -port 51136 -testLoaderClass org.eclipse.jdt.internal.junit4.runner.JUnit4TestLoader -loaderpluginname org.eclipse.jdt.junit4.runtime -classNames casosDeTeste.CTValidacaoDeCarrinho
java_class_path (initial): C:\Users\Inmetrics\eclipse-workspace\democs-cart\bin;C:\Program Files (x86)\Silk\SilkTest\ng\JTF\silktest-jtf-nodeps.jar;C:\Users\Inmetrics\.p2\pool\plugins\org.junit_4.12.0.v201504281640\junit.jar;C:\Users\Inmetrics\.p2\pool\plugins\org.hamcrest.core_1.3.0.v20180420-1519.jar;C:\Users\Inmetrics\Downloads\java2word-3.3.jar;C:\Users\Inmetrics\Downloads\xstream-1.3.1.jar;C:\Users\Inmetrics\eclipse\java-2018-09\eclipse\configuration\org.eclipse.osgi\238\0\.cp;C:\Users\Inmetrics\eclipse\java-2018-09\eclipse\configuration\org.eclipse.osgi\237\0\.cp
Launcher Type: SUN_STANDARD

Environment Variables:
PATH=C:/Program Files/Java/jdk1.8.0_181/jre/bin/server;C:/Program Files/Java/jdk1.8.0_181/jre/bin;C:/Program Files/Java/jdk1.8.0_181/jre/lib/amd64;C:\Program Files (x86)\Common Files\Oracle\Java\javapath;C:\ProgramData\Oracle\Java\javapath;C:\WINDOWS\system32;C:\WINDOWS;C:\WINDOWS\System32\Wbem;C:\WINDOWS\System32\WindowsPowerShell\v1.0\;C:\Program Files (x86)\Skype\Phone\;C:\WINDOWS\System32\OpenSSH\;C:\Program Files (x86)\Git\cmd;C:\Program Files (x86)\Silk\SilkTest;C:\Program Files (x86)\Silk\SilkTest\ng\gui;C:\Ruby23-x64\bin;C:\Users\Inmetrics\AppData\Local\Microsoft\WindowsApps;;C:\Users\Inmetrics\AppData\Local\Programs\Microsoft VS Code\bin;C:\Users\Inmetrics\Desktop;
USERNAME=Inmetrics
OS=Windows_NT
PROCESSOR_IDENTIFIER=Intel64 Family 6 Model 61 Stepping 4, GenuineIntel



---------------  S Y S T E M  ---------------

OS: Windows 10.0 , 64 bit Build 17763 (10.0.17763.1)

CPU:total 4 (initial active 4) (2 cores per cpu, 2 threads per core) family 6 model 61 stepping 4, cmov, cx8, fxsr, mmx, sse, sse2, sse3, ssse3, sse4.1, sse4.2, popcnt, avx, avx2, aes, clmul, erms, 3dnowpref, lzcnt, ht, tsc, tscinvbit, bmi1, bmi2, adx

Memory: 4k page, physical 8296828k(1280076k free), swap 8296828k(2428k free)

vm_info: Java HotSpot(TM) 64-Bit Server VM (25.181-b13) for windows-amd64 JRE (1.8.0_181-b13), built on Jul  7 2018 04:01:33 by "java_re" with MS VC++ 10.0 (VS2010)

time: Thu Nov 22 11:26:24 2018
elapsed time: 6 seconds (0d 0h 0m 6s)

